Build started 7/23/2013 2:41:58 PM.
     1>Project "d:\arr_asec_decen\arr_asec_decen\arr_asec_decen.vcxproj" on node 2 (build target(s)).
     1>InitializeBuildStatus:
         Creating "Debug\arr_asec_decen.unsuccessfulbuild" because "AlwaysCreate" was specified.
       ClCompile:
         C:\Program Files\Microsoft Visual Studio 10.0\VC\bin\CL.exe /c /ZI /nologo /W3 /WX- /Od /Oy- /D _MBCS /Gm /EHsc /RTC1 /MDd /GS /fp:precise /Zc:wchar_t /Zc:forScope /Fo"Debug\\" /Fd"Debug\vc100.pdb" /Gd /TC /analyze- /errorReport:prompt sort.c
         sort.c
     1>d:\arr_asec_decen\arr_asec_decen\sort.c(25): warning C4013: 'getche' undefined; assuming extern returning int
       Link:
         C:\Program Files\Microsoft Visual Studio 10.0\VC\bin\link.exe /ERRORREPORT:PROMPT /OUT:"d:\arr_asec_decen\Debug\arr_asec_decen.exe" /NOLOGO kernel32.lib user32.lib gdi32.lib winspool.lib comdlg32.lib advapi32.lib shell32.lib ole32.lib oleaut32.lib uuid.lib odbc32.lib odbccp32.lib /MANIFEST /ManifestFile:"Debug\arr_asec_decen.exe.intermediate.manifest" /MANIFESTUAC:"level='asInvoker' uiAccess='false'" /DEBUG /PDB:"d:\arr_asec_decen\Debug\arr_asec_decen.pdb" /TLBID:1 /DYNAMICBASE /NXCOMPAT /IMPLIB:"d:\arr_asec_decen\Debug\arr_asec_decen.lib" /MACHINE:X86 Debug\sort.obj
         LINK : d:\arr_asec_decen\Debug\arr_asec_decen.exe not found or not built by the last incremental link; performing full link
         arr_asec_decen.vcxproj -> d:\arr_asec_decen\Debug\arr_asec_decen.exe
       Manifest:
         C:\Program Files\Microsoft SDKs\Windows\v7.0A\bin\mt.exe /nologo /verbose /outputresource:"d:\arr_asec_decen\Debug\arr_asec_decen.exe;#1" /manifest Debug\arr_asec_decen.exe.intermediate.manifest
       FinalizeBuildStatus:
         Deleting file "Debug\arr_asec_decen.unsuccessfulbuild".
         Touching "Debug\arr_asec_decen.lastbuildstate".
     1>Done Building Project "d:\arr_asec_decen\arr_asec_decen\arr_asec_decen.vcxproj" (build target(s)).

Build succeeded.

Time Elapsed 00:00:00.56
